<?xml version="1.0" encoding="UTF-8"?>
<testsuite xmlns:xsi="http://www.w3.org/2001/XMLSchema-instance" xsi:noNamespaceSchemaLocation="https://maven.apache.org/surefire/maven-surefire-plugin/xsd/surefire-test-report.xsd" name="org.nl.hu.sie.bep.business.IEFGeneratorTest" time="0.031" tests="1" errors="0" skipped="1" failures="0">
  <properties>
    <property name="sun.desktop" value="windows"/>
    <property name="awt.toolkit" value="sun.awt.windows.WToolkit"/>
    <property name="java.specification.version" value="11"/>
    <property name="sun.cpu.isalist" value="amd64"/>
    <property name="sun.jnu.encoding" value="Cp1252"/>
    <property name="java.class.path" value="E:\Documents\school\BEP\BEP-IEFGenerator\target\test-classes;E:\Documents\school\BEP\BEP-IEFGenerator\target\classes;C:\Users\Stefan\.m2\repository\junit\junit\4.11\junit-4.11.jar;C:\Users\Stefan\.m2\repository\org\hamcrest\hamcrest-core\1.3\hamcrest-core-1.3.jar;C:\Users\Stefan\.m2\repository\org\nl\hu\sie\bep\domain\domain\1.2-SNAPSHOT\domain-1.2-SNAPSHOT.jar;C:\Users\Stefan\.m2\repository\org\mongodb\mongodb-driver\3.10.1\mongodb-driver-3.10.1.jar;C:\Users\Stefan\.m2\repository\org\mongodb\bson\3.10.1\bson-3.10.1.jar;C:\Users\Stefan\.m2\repository\org\mongodb\mongodb-driver-core\3.10.1\mongodb-driver-core-3.10.1.jar;C:\Users\Stefan\.m2\repository\org\nl\hu\sie\bep\iefgenerator\iefgenerator\1.1-SNAPSHOT\iefgenerator-1.1-SNAPSHOT.jar;C:\Users\Stefan\.m2\repository\org\nl\hu\sie\bep\businessSaver\businessSaver\1.0-SNAPSHOT\businessSaver-1.0-SNAPSHOT.jar;C:\Users\Stefan\.m2\repository\org\slf4j\slf4j-api\1.8.0-beta4\slf4j-api-1.8.0-beta4.jar;"/>
    <property name="java.vm.vendor" value="Oracle Corporation"/>
    <property name="sun.arch.data.model" value="64"/>
    <property name="user.variant" value=""/>
    <property name="java.vendor.url" value="http://java.oracle.com/"/>
    <property name="user.timezone" value="Europe/Berlin"/>
    <property name="user.country.format" value="NL"/>
    <property name="java.vm.specification.version" value="11"/>
    <property name="os.name" value="Windows 10"/>
    <property name="sun.java.launcher" value="SUN_STANDARD"/>
    <property name="user.country" value="US"/>
    <property name="sun.boot.library.path" value="C:\Program Files (x86)\Java\jdk-11.0.3\bin"/>
    <property name="sun.java.command" value="C:\Users\Stefan\AppData\Local\Temp\surefire6554661440168346653\surefirebooter16519844187026752386.jar C:\Users\Stefan\AppData\Local\Temp\surefire6554661440168346653 2019-06-23T22-31-12_589-jvmRun1 surefire3780988616717007088tmp surefire_011932913601185241371tmp"/>
    <property name="jdk.debug" value="release"/>
    <property name="surefire.test.class.path" value="E:\Documents\school\BEP\BEP-IEFGenerator\target\test-classes;E:\Documents\school\BEP\BEP-IEFGenerator\target\classes;C:\Users\Stefan\.m2\repository\junit\junit\4.11\junit-4.11.jar;C:\Users\Stefan\.m2\repository\org\hamcrest\hamcrest-core\1.3\hamcrest-core-1.3.jar;C:\Users\Stefan\.m2\repository\org\nl\hu\sie\bep\domain\domain\1.2-SNAPSHOT\domain-1.2-SNAPSHOT.jar;C:\Users\Stefan\.m2\repository\org\mongodb\mongodb-driver\3.10.1\mongodb-driver-3.10.1.jar;C:\Users\Stefan\.m2\repository\org\mongodb\bson\3.10.1\bson-3.10.1.jar;C:\Users\Stefan\.m2\repository\org\mongodb\mongodb-driver-core\3.10.1\mongodb-driver-core-3.10.1.jar;C:\Users\Stefan\.m2\repository\org\nl\hu\sie\bep\iefgenerator\iefgenerator\1.1-SNAPSHOT\iefgenerator-1.1-SNAPSHOT.jar;C:\Users\Stefan\.m2\repository\org\nl\hu\sie\bep\businessSaver\businessSaver\1.0-SNAPSHOT\businessSaver-1.0-SNAPSHOT.jar;C:\Users\Stefan\.m2\repository\org\slf4j\slf4j-api\1.8.0-beta4\slf4j-api-1.8.0-beta4.jar;"/>
    <property name="sun.cpu.endian" value="little"/>
    <property name="user.home" value="C:\Users\Stefan"/>
    <property name="user.language" value="en"/>
    <property name="java.specification.vendor" value="Oracle Corporation"/>
    <property name="java.version.date" value="2019-04-16"/>
    <property name="java.home" value="C:\Program Files (x86)\Java\jdk-11.0.3"/>
    <property name="file.separator" value="\"/>
    <property name="basedir" value="E:\Documents\school\BEP\BEP-IEFGenerator"/>
    <property name="java.vm.compressedOopsMode" value="Zero based"/>
    <property name="line.separator" value="&#10;"/>
    <property name="java.specification.name" value="Java Platform API Specification"/>
    <property name="java.vm.specification.vendor" value="Oracle Corporation"/>
    <property name="java.awt.graphicsenv" value="sun.awt.Win32GraphicsEnvironment"/>
    <property name="surefire.real.class.path" value="C:\Users\Stefan\AppData\Local\Temp\surefire6554661440168346653\surefirebooter16519844187026752386.jar"/>
    <property name="user.script" value=""/>
    <property name="sun.management.compiler" value="HotSpot 64-Bit Tiered Compilers"/>
    <property name="java.runtime.version" value="11.0.3+12-LTS"/>
    <property name="user.name" value="Stefan"/>
    <property name="path.separator" value=";"/>
    <property name="os.version" value="10.0"/>
    <property name="java.runtime.name" value="Java(TM) SE Runtime Environment"/>
    <property name="file.encoding" value="Cp1252"/>
    <property name="java.vm.name" value="Java HotSpot(TM) 64-Bit Server VM"/>
    <property name="java.vendor.version" value="18.9"/>
    <property name="localRepository" value="C:\Users\Stefan\.m2\repository"/>
    <property name="java.vendor.url.bug" value="http://bugreport.java.com/bugreport/"/>
    <property name="java.io.tmpdir" value="C:\Users\Stefan\AppData\Local\Temp\"/>
    <property name="idea.version" value="2018.2.5"/>
    <property name="java.version" value="11.0.3"/>
    <property name="user.dir" value="E:\Documents\school\BEP\BEP-IEFGenerator"/>
    <property name="os.arch" value="amd64"/>
    <property name="java.vm.specification.name" value="Java Virtual Machine Specification"/>
    <property name="java.awt.printerjob" value="sun.awt.windows.WPrinterJob"/>
    <property name="sun.os.patch.level" value=""/>
    <property name="java.library.path" value="C:\Program Files (x86)\Java\jdk-11.0.3\bin;C:\Windows\Sun\Java\bin;C:\Windows\system32;C:\Windows;C:\ProgramData\DockerDesktop\version-bin;C:\Program Files\Docker\Docker\Resources\bin;C:\Program Files (x86)\Java\jdk1.8.0_192\bin;C:\Program Files (x86)\Razer Chroma SDK\bin;C:\Program Files\Razer Chroma SDK\bin;C:\Windows\system32;C:\Windows;C:\Windows\System32\Wbem;C:\Windows\System32\WindowsPowerShell\v1.0\;C:\Windows\System32\OpenSSH\;C:\Users\Stefan\AppData\Local\Microsoft\WindowsApps;C:\Program Files (x86)\NVIDIA Corporation\PhysX\Common;C:\Program Files\Git\cmd;E:\Documents\Programs\php;C:\Program Files\Microsoft VS Code\bin;C:\Vagrant\bin;C:\Program Files\nodejs\;C:\Program Files\dotnet\;C:\Program Files\Microsoft SQL Server\130\Tools\Binn\;C:\ProgramData\ComposerSetup\bin;C:\Program Files\PuTTY\;C:\Users\Stefan\apache-maven-3.6.0\bin;C:\Users\Stefan\AppData\Local\Programs\Python\Python37-32\Scripts\;C:\Users\Stefan\AppData\Local\Programs\Python\Python37-32\;C:\Users\Stefan\AppData\Local\Microsoft\WindowsApps;C:\Program Files\Microsoft VS Code\bin;C:\Users\Stefan\AppData\Roaming\Composer\vendor\bin;C:\Users\Stefan\AppData\Roaming\npm;C:\Program Files (x86)\Nmap;C:\Program Files (x86)\Java\jdk1.8.0_192\bin;;."/>
    <property name="java.vendor" value="Oracle Corporation"/>
    <property name="java.vm.info" value="mixed mode"/>
    <property name="java.vm.version" value="11.0.3+12-LTS"/>
    <property name="sun.io.unicode.encoding" value="UnicodeLittle"/>
    <property name="java.class.version" value="55.0"/>
  </properties>
  <testcase name="testIEFGenerator" classname="org.nl.hu.sie.bep.business.IEFGeneratorTest" time="0">
    <skipped/>
  </testcase>
</testsuite>